2022-12-01T19:41:06+00:00 CRITICAL Uncaught Exception: Invalid data: {"data":["Array","Array","Array"],"element":"Array"} in C:\xampp\htdocs\project4\wp-content\plugins\elementor\core\base\document.php:943
Stack trace:
#0 C:\xampp\htdocs\project4\wp-content\plugins\astra-sites\inc\importers\batch-processing\class-astra-sites-batch-processing-elementor.php(122): Elementor\Core\Base\Document->get_elements_raw_data(Array, true)
#1 C:\xampp\htdocs\project4\wp-content\plugins\astra-sites\inc\importers\batch-processing\class-astra-sites-batch-processing-elementor.php(66): Elementor\TemplateLibrary\Astra_Sites_Batch_Processing_Elementor->import_single_post(10)
#2 C:\xampp\htdocs\project4\wp-content\plugins\astra-sites\inc\importers\batch-processing\helpers\class-wp-background-process-astra.php(41): Elementor\TemplateLibrary\Astra_Sites_Batch_Processing_Elementor->import()
#3 C:\xampp\htdocs\project4\wp-content\plugins\woocommerce\includes\libraries\wp-background-process.php(301): WP_Background_Process_Astra->task(Object(Elementor\TemplateLibrary\Astra_Sites_Batch_Processing_Elementor))
#4 C:\xampp\htdocs\project4\wp-content\plugins\woocommerce\includes\libraries\wp-background-process.php(447): WP_Background_Process->handle()
#5 C:\xampp\htdocs\project4\wp-includes\class-wp-hook.php(308): WP_Background_Process->handle_cron_healthcheck()
#6 C:\xampp\htdocs\project4\wp-includes\class-wp-hook.php(332): WP_Hook->apply_filters('', Array)
#7 C:\xampp\htdocs\project4\wp-includes\plugin.php(565): WP_Hook->do_action(Array)
#8 C:\xampp\htdocs\project4\wp-cron.php(188): do_action_ref_array('wp_image_proces...', Array)
#9 {main}
  thrown in C:\xampp\htdocs\project4\wp-content\plugins\elementor\core\base\document.php on line 943

2022-12-01T19:45:06+00:00 CRITICAL Uncaught Exception: Invalid data: {"data":["Array","Array","Array"],"element":"Array"} in C:\xampp\htdocs\project4\wp-content\plugins\elementor\core\base\document.php:943
Stack trace:
#0 C:\xampp\htdocs\project4\wp-content\plugins\astra-sites\inc\importers\batch-processing\class-astra-sites-batch-processing-elementor.php(122): Elementor\Core\Base\Document->get_elements_raw_data(Array, true)
#1 C:\xampp\htdocs\project4\wp-content\plugins\astra-sites\inc\importers\batch-processing\class-astra-sites-batch-processing-elementor.php(66): Elementor\TemplateLibrary\Astra_Sites_Batch_Processing_Elementor->import_single_post(10)
#2 C:\xampp\htdocs\project4\wp-content\plugins\astra-sites\inc\importers\batch-processing\helpers\class-wp-background-process-astra.php(41): Elementor\TemplateLibrary\Astra_Sites_Batch_Processing_Elementor->import()
#3 C:\xampp\htdocs\project4\wp-content\plugins\woocommerce\includes\libraries\wp-background-process.php(301): WP_Background_Process_Astra->task(Object(Elementor\TemplateLibrary\Astra_Sites_Batch_Processing_Elementor))
#4 C:\xampp\htdocs\project4\wp-content\plugins\woocommerce\includes\libraries\wp-background-process.php(447): WP_Background_Process->handle()
#5 C:\xampp\htdocs\project4\wp-includes\class-wp-hook.php(308): WP_Background_Process->handle_cron_healthcheck()
#6 C:\xampp\htdocs\project4\wp-includes\class-wp-hook.php(332): WP_Hook->apply_filters('', Array)
#7 C:\xampp\htdocs\project4\wp-includes\plugin.php(565): WP_Hook->do_action(Array)
#8 C:\xampp\htdocs\project4\wp-cron.php(188): do_action_ref_array('wp_image_proces...', Array)
#9 {main}
  thrown in C:\xampp\htdocs\project4\wp-content\plugins\elementor\core\base\document.php on line 943

2022-12-01T19:50:36+00:00 CRITICAL Uncaught Exception: Invalid data: {"data":["Array","Array","Array"],"element":"Array"} in C:\xampp\htdocs\project4\wp-content\plugins\elementor\core\base\document.php:943
Stack trace:
#0 C:\xampp\htdocs\project4\wp-content\plugins\astra-sites\inc\importers\batch-processing\class-astra-sites-batch-processing-elementor.php(122): Elementor\Core\Base\Document->get_elements_raw_data(Array, true)
#1 C:\xampp\htdocs\project4\wp-content\plugins\astra-sites\inc\importers\batch-processing\class-astra-sites-batch-processing-elementor.php(66): Elementor\TemplateLibrary\Astra_Sites_Batch_Processing_Elementor->import_single_post(10)
#2 C:\xampp\htdocs\project4\wp-content\plugins\astra-sites\inc\importers\batch-processing\helpers\class-wp-background-process-astra.php(41): Elementor\TemplateLibrary\Astra_Sites_Batch_Processing_Elementor->import()
#3 C:\xampp\htdocs\project4\wp-content\plugins\woocommerce\includes\libraries\wp-background-process.php(301): WP_Background_Process_Astra->task(Object(Elementor\TemplateLibrary\Astra_Sites_Batch_Processing_Elementor))
#4 C:\xampp\htdocs\project4\wp-content\plugins\woocommerce\includes\libraries\wp-background-process.php(447): WP_Background_Process->handle()
#5 C:\xampp\htdocs\project4\wp-includes\class-wp-hook.php(308): WP_Background_Process->handle_cron_healthcheck()
#6 C:\xampp\htdocs\project4\wp-includes\class-wp-hook.php(332): WP_Hook->apply_filters('', Array)
#7 C:\xampp\htdocs\project4\wp-includes\plugin.php(565): WP_Hook->do_action(Array)
#8 C:\xampp\htdocs\project4\wp-cron.php(188): do_action_ref_array('wp_image_proces...', Array)
#9 {main}
  thrown in C:\xampp\htdocs\project4\wp-content\plugins\elementor\core\base\document.php on line 943

2022-12-01T19:55:01+00:00 CRITICAL Uncaught Exception: Invalid data: {"data":["Array","Array","Array"],"element":"Array"} in C:\xampp\htdocs\project4\wp-content\plugins\elementor\core\base\document.php:943
Stack trace:
#0 C:\xampp\htdocs\project4\wp-content\plugins\astra-sites\inc\importers\batch-processing\class-astra-sites-batch-processing-elementor.php(122): Elementor\Core\Base\Document->get_elements_raw_data(Array, true)
#1 C:\xampp\htdocs\project4\wp-content\plugins\astra-sites\inc\importers\batch-processing\class-astra-sites-batch-processing-elementor.php(66): Elementor\TemplateLibrary\Astra_Sites_Batch_Processing_Elementor->import_single_post(10)
#2 C:\xampp\htdocs\project4\wp-content\plugins\astra-sites\inc\importers\batch-processing\helpers\class-wp-background-process-astra.php(41): Elementor\TemplateLibrary\Astra_Sites_Batch_Processing_Elementor->import()
#3 C:\xampp\htdocs\project4\wp-content\plugins\woocommerce\includes\libraries\wp-background-process.php(301): WP_Background_Process_Astra->task(Object(Elementor\TemplateLibrary\Astra_Sites_Batch_Processing_Elementor))
#4 C:\xampp\htdocs\project4\wp-content\plugins\woocommerce\includes\libraries\wp-background-process.php(447): WP_Background_Process->handle()
#5 C:\xampp\htdocs\project4\wp-includes\class-wp-hook.php(308): WP_Background_Process->handle_cron_healthcheck()
#6 C:\xampp\htdocs\project4\wp-includes\class-wp-hook.php(332): WP_Hook->apply_filters('', Array)
#7 C:\xampp\htdocs\project4\wp-includes\plugin.php(565): WP_Hook->do_action(Array)
#8 C:\xampp\htdocs\project4\wp-cron.php(188): do_action_ref_array('wp_image_proces...', Array)
#9 {main}
  thrown in C:\xampp\htdocs\project4\wp-content\plugins\elementor\core\base\document.php on line 943

2022-12-01T19:59:36+00:00 CRITICAL Uncaught Exception: Invalid data: {"data":["Array","Array","Array"],"element":"Array"} in C:\xampp\htdocs\project4\wp-content\plugins\elementor\core\base\document.php:943
Stack trace:
#0 C:\xampp\htdocs\project4\wp-content\plugins\astra-sites\inc\importers\batch-processing\class-astra-sites-batch-processing-elementor.php(122): Elementor\Core\Base\Document->get_elements_raw_data(Array, true)
#1 C:\xampp\htdocs\project4\wp-content\plugins\astra-sites\inc\importers\batch-processing\class-astra-sites-batch-processing-elementor.php(66): Elementor\TemplateLibrary\Astra_Sites_Batch_Processing_Elementor->import_single_post(10)
#2 C:\xampp\htdocs\project4\wp-content\plugins\astra-sites\inc\importers\batch-processing\helpers\class-wp-background-process-astra.php(41): Elementor\TemplateLibrary\Astra_Sites_Batch_Processing_Elementor->import()
#3 C:\xampp\htdocs\project4\wp-content\plugins\woocommerce\includes\libraries\wp-background-process.php(301): WP_Background_Process_Astra->task(Object(Elementor\TemplateLibrary\Astra_Sites_Batch_Processing_Elementor))
#4 C:\xampp\htdocs\project4\wp-content\plugins\woocommerce\includes\libraries\wp-background-process.php(447): WP_Background_Process->handle()
#5 C:\xampp\htdocs\project4\wp-includes\class-wp-hook.php(308): WP_Background_Process->handle_cron_healthcheck()
#6 C:\xampp\htdocs\project4\wp-includes\class-wp-hook.php(332): WP_Hook->apply_filters('', Array)
#7 C:\xampp\htdocs\project4\wp-includes\plugin.php(565): WP_Hook->do_action(Array)
#8 C:\xampp\htdocs\project4\wp-cron.php(188): do_action_ref_array('wp_image_proces...', Array)
#9 {main}
  thrown in C:\xampp\htdocs\project4\wp-content\plugins\elementor\core\base\document.php on line 943

2022-12-01T20:05:06+00:00 CRITICAL Uncaught Exception: Invalid data: {"data":["Array","Array","Array"],"element":"Array"} in C:\xampp\htdocs\project4\wp-content\plugins\elementor\core\base\document.php:943
Stack trace:
#0 C:\xampp\htdocs\project4\wp-content\plugins\astra-sites\inc\importers\batch-processing\class-astra-sites-batch-processing-elementor.php(122): Elementor\Core\Base\Document->get_elements_raw_data(Array, true)
#1 C:\xampp\htdocs\project4\wp-content\plugins\astra-sites\inc\importers\batch-processing\class-astra-sites-batch-processing-elementor.php(66): Elementor\TemplateLibrary\Astra_Sites_Batch_Processing_Elementor->import_single_post(10)
#2 C:\xampp\htdocs\project4\wp-content\plugins\astra-sites\inc\importers\batch-processing\helpers\class-wp-background-process-astra.php(41): Elementor\TemplateLibrary\Astra_Sites_Batch_Processing_Elementor->import()
#3 C:\xampp\htdocs\project4\wp-content\plugins\woocommerce\includes\libraries\wp-background-process.php(301): WP_Background_Process_Astra->task(Object(Elementor\TemplateLibrary\Astra_Sites_Batch_Processing_Elementor))
#4 C:\xampp\htdocs\project4\wp-content\plugins\woocommerce\includes\libraries\wp-background-process.php(447): WP_Background_Process->handle()
#5 C:\xampp\htdocs\project4\wp-includes\class-wp-hook.php(308): WP_Background_Process->handle_cron_healthcheck()
#6 C:\xampp\htdocs\project4\wp-includes\class-wp-hook.php(332): WP_Hook->apply_filters('', Array)
#7 C:\xampp\htdocs\project4\wp-includes\plugin.php(565): WP_Hook->do_action(Array)
#8 C:\xampp\htdocs\project4\wp-cron.php(188): do_action_ref_array('wp_image_proces...', Array)
#9 {main}
  thrown in C:\xampp\htdocs\project4\wp-content\plugins\elementor\core\base\document.php on line 943

2022-12-01T20:09:41+00:00 CRITICAL Uncaught Exception: Invalid data: {"data":["Array","Array","Array"],"element":"Array"} in C:\xampp\htdocs\project4\wp-content\plugins\elementor\core\base\document.php:943
Stack trace:
#0 C:\xampp\htdocs\project4\wp-content\plugins\astra-sites\inc\importers\batch-processing\class-astra-sites-batch-processing-elementor.php(122): Elementor\Core\Base\Document->get_elements_raw_data(Array, true)
#1 C:\xampp\htdocs\project4\wp-content\plugins\astra-sites\inc\importers\batch-processing\class-astra-sites-batch-processing-elementor.php(66): Elementor\TemplateLibrary\Astra_Sites_Batch_Processing_Elementor->import_single_post(10)
#2 C:\xampp\htdocs\project4\wp-content\plugins\astra-sites\inc\importers\batch-processing\helpers\class-wp-background-process-astra.php(41): Elementor\TemplateLibrary\Astra_Sites_Batch_Processing_Elementor->import()
#3 C:\xampp\htdocs\project4\wp-content\plugins\woocommerce\includes\libraries\wp-background-process.php(301): WP_Background_Process_Astra->task(Object(Elementor\TemplateLibrary\Astra_Sites_Batch_Processing_Elementor))
#4 C:\xampp\htdocs\project4\wp-content\plugins\woocommerce\includes\libraries\wp-background-process.php(447): WP_Background_Process->handle()
#5 C:\xampp\htdocs\project4\wp-includes\class-wp-hook.php(308): WP_Background_Process->handle_cron_healthcheck()
#6 C:\xampp\htdocs\project4\wp-includes\class-wp-hook.php(332): WP_Hook->apply_filters('', Array)
#7 C:\xampp\htdocs\project4\wp-includes\plugin.php(565): WP_Hook->do_action(Array)
#8 C:\xampp\htdocs\project4\wp-cron.php(188): do_action_ref_array('wp_image_proces...', Array)
#9 {main}
  thrown in C:\xampp\htdocs\project4\wp-content\plugins\elementor\core\base\document.php on line 943

2022-12-01T20:14:53+00:00 CRITICAL Uncaught Exception: Invalid data: {"data":["Array","Array","Array"],"element":"Array"} in C:\xampp\htdocs\project4\wp-content\plugins\elementor\core\base\document.php:943
Stack trace:
#0 C:\xampp\htdocs\project4\wp-content\plugins\astra-sites\inc\importers\batch-processing\class-astra-sites-batch-processing-elementor.php(122): Elementor\Core\Base\Document->get_elements_raw_data(Array, true)
#1 C:\xampp\htdocs\project4\wp-content\plugins\astra-sites\inc\importers\batch-processing\class-astra-sites-batch-processing-elementor.php(66): Elementor\TemplateLibrary\Astra_Sites_Batch_Processing_Elementor->import_single_post(10)
#2 C:\xampp\htdocs\project4\wp-content\plugins\astra-sites\inc\importers\batch-processing\helpers\class-wp-background-process-astra.php(41): Elementor\TemplateLibrary\Astra_Sites_Batch_Processing_Elementor->import()
#3 C:\xampp\htdocs\project4\wp-content\plugins\woocommerce\includes\libraries\wp-background-process.php(301): WP_Background_Process_Astra->task(Object(Elementor\TemplateLibrary\Astra_Sites_Batch_Processing_Elementor))
#4 C:\xampp\htdocs\project4\wp-content\plugins\woocommerce\includes\libraries\wp-background-process.php(447): WP_Background_Process->handle()
#5 C:\xampp\htdocs\project4\wp-includes\class-wp-hook.php(308): WP_Background_Process->handle_cron_healthcheck()
#6 C:\xampp\htdocs\project4\wp-includes\class-wp-hook.php(332): WP_Hook->apply_filters('', Array)
#7 C:\xampp\htdocs\project4\wp-includes\plugin.php(565): WP_Hook->do_action(Array)
#8 C:\xampp\htdocs\project4\wp-cron.php(188): do_action_ref_array('wp_image_proces...', Array)
#9 {main}
  thrown in C:\xampp\htdocs\project4\wp-content\plugins\elementor\core\base\document.php on line 943

2022-12-01T20:19:39+00:00 CRITICAL Uncaught Exception: Invalid data: {"data":["Array","Array","Array"],"element":"Array"} in C:\xampp\htdocs\project4\wp-content\plugins\elementor\core\base\document.php:943
Stack trace:
#0 C:\xampp\htdocs\project4\wp-content\plugins\astra-sites\inc\importers\batch-processing\class-astra-sites-batch-processing-elementor.php(122): Elementor\Core\Base\Document->get_elements_raw_data(Array, true)
#1 C:\xampp\htdocs\project4\wp-content\plugins\astra-sites\inc\importers\batch-processing\class-astra-sites-batch-processing-elementor.php(66): Elementor\TemplateLibrary\Astra_Sites_Batch_Processing_Elementor->import_single_post(10)
#2 C:\xampp\htdocs\project4\wp-content\plugins\astra-sites\inc\importers\batch-processing\helpers\class-wp-background-process-astra.php(41): Elementor\TemplateLibrary\Astra_Sites_Batch_Processing_Elementor->import()
#3 C:\xampp\htdocs\project4\wp-content\plugins\woocommerce\includes\libraries\wp-background-process.php(301): WP_Background_Process_Astra->task(Object(Elementor\TemplateLibrary\Astra_Sites_Batch_Processing_Elementor))
#4 C:\xampp\htdocs\project4\wp-content\plugins\woocommerce\includes\libraries\wp-background-process.php(447): WP_Background_Process->handle()
#5 C:\xampp\htdocs\project4\wp-includes\class-wp-hook.php(308): WP_Background_Process->handle_cron_healthcheck()
#6 C:\xampp\htdocs\project4\wp-includes\class-wp-hook.php(332): WP_Hook->apply_filters('', Array)
#7 C:\xampp\htdocs\project4\wp-includes\plugin.php(565): WP_Hook->do_action(Array)
#8 C:\xampp\htdocs\project4\wp-cron.php(188): do_action_ref_array('wp_image_proces...', Array)
#9 {main}
  thrown in C:\xampp\htdocs\project4\wp-content\plugins\elementor\core\base\document.php on line 943

2022-12-01T20:24:39+00:00 CRITICAL Uncaught Exception: Invalid data: {"data":["Array","Array","Array"],"element":"Array"} in C:\xampp\htdocs\project4\wp-content\plugins\elementor\core\base\document.php:943
Stack trace:
#0 C:\xampp\htdocs\project4\wp-content\plugins\astra-sites\inc\importers\batch-processing\class-astra-sites-batch-processing-elementor.php(122): Elementor\Core\Base\Document->get_elements_raw_data(Array, true)
#1 C:\xampp\htdocs\project4\wp-content\plugins\astra-sites\inc\importers\batch-processing\class-astra-sites-batch-processing-elementor.php(66): Elementor\TemplateLibrary\Astra_Sites_Batch_Processing_Elementor->import_single_post(10)
#2 C:\xampp\htdocs\project4\wp-content\plugins\astra-sites\inc\importers\batch-processing\helpers\class-wp-background-process-astra.php(41): Elementor\TemplateLibrary\Astra_Sites_Batch_Processing_Elementor->import()
#3 C:\xampp\htdocs\project4\wp-content\plugins\woocommerce\includes\libraries\wp-background-process.php(301): WP_Background_Process_Astra->task(Object(Elementor\TemplateLibrary\Astra_Sites_Batch_Processing_Elementor))
#4 C:\xampp\htdocs\project4\wp-content\plugins\woocommerce\includes\libraries\wp-background-process.php(447): WP_Background_Process->handle()
#5 C:\xampp\htdocs\project4\wp-includes\class-wp-hook.php(308): WP_Background_Process->handle_cron_healthcheck()
#6 C:\xampp\htdocs\project4\wp-includes\class-wp-hook.php(332): WP_Hook->apply_filters('', Array)
#7 C:\xampp\htdocs\project4\wp-includes\plugin.php(565): WP_Hook->do_action(Array)
#8 C:\xampp\htdocs\project4\wp-cron.php(188): do_action_ref_array('wp_image_proces...', Array)
#9 {main}
  thrown in C:\xampp\htdocs\project4\wp-content\plugins\elementor\core\base\document.php on line 943

2022-12-01T20:29:35+00:00 CRITICAL Uncaught Exception: Invalid data: {"data":["Array","Array","Array"],"element":"Array"} in C:\xampp\htdocs\project4\wp-content\plugins\elementor\core\base\document.php:943
Stack trace:
#0 C:\xampp\htdocs\project4\wp-content\plugins\astra-sites\inc\importers\batch-processing\class-astra-sites-batch-processing-elementor.php(122): Elementor\Core\Base\Document->get_elements_raw_data(Array, true)
#1 C:\xampp\htdocs\project4\wp-content\plugins\astra-sites\inc\importers\batch-processing\class-astra-sites-batch-processing-elementor.php(66): Elementor\TemplateLibrary\Astra_Sites_Batch_Processing_Elementor->import_single_post(10)
#2 C:\xampp\htdocs\project4\wp-content\plugins\astra-sites\inc\importers\batch-processing\helpers\class-wp-background-process-astra.php(41): Elementor\TemplateLibrary\Astra_Sites_Batch_Processing_Elementor->import()
#3 C:\xampp\htdocs\project4\wp-content\plugins\woocommerce\includes\libraries\wp-background-process.php(301): WP_Background_Process_Astra->task(Object(Elementor\TemplateLibrary\Astra_Sites_Batch_Processing_Elementor))
#4 C:\xampp\htdocs\project4\wp-content\plugins\woocommerce\includes\libraries\wp-background-process.php(447): WP_Background_Process->handle()
#5 C:\xampp\htdocs\project4\wp-includes\class-wp-hook.php(308): WP_Background_Process->handle_cron_healthcheck()
#6 C:\xampp\htdocs\project4\wp-includes\class-wp-hook.php(332): WP_Hook->apply_filters('', Array)
#7 C:\xampp\htdocs\project4\wp-includes\plugin.php(565): WP_Hook->do_action(Array)
#8 C:\xampp\htdocs\project4\wp-cron.php(188): do_action_ref_array('wp_image_proces...', Array)
#9 {main}
  thrown in C:\xampp\htdocs\project4\wp-content\plugins\elementor\core\base\document.php on line 943

2022-12-01T20:34:30+00:00 CRITICAL Uncaught Exception: Invalid data: {"data":["Array","Array","Array"],"element":"Array"} in C:\xampp\htdocs\project4\wp-content\plugins\elementor\core\base\document.php:943
Stack trace:
#0 C:\xampp\htdocs\project4\wp-content\plugins\astra-sites\inc\importers\batch-processing\class-astra-sites-batch-processing-elementor.php(122): Elementor\Core\Base\Document->get_elements_raw_data(Array, true)
#1 C:\xampp\htdocs\project4\wp-content\plugins\astra-sites\inc\importers\batch-processing\class-astra-sites-batch-processing-elementor.php(66): Elementor\TemplateLibrary\Astra_Sites_Batch_Processing_Elementor->import_single_post(10)
#2 C:\xampp\htdocs\project4\wp-content\plugins\astra-sites\inc\importers\batch-processing\helpers\class-wp-background-process-astra.php(41): Elementor\TemplateLibrary\Astra_Sites_Batch_Processing_Elementor->import()
#3 C:\xampp\htdocs\project4\wp-content\plugins\woocommerce\includes\libraries\wp-background-process.php(301): WP_Background_Process_Astra->task(Object(Elementor\TemplateLibrary\Astra_Sites_Batch_Processing_Elementor))
#4 C:\xampp\htdocs\project4\wp-content\plugins\woocommerce\includes\libraries\wp-background-process.php(447): WP_Background_Process->handle()
#5 C:\xampp\htdocs\project4\wp-includes\class-wp-hook.php(308): WP_Background_Process->handle_cron_healthcheck()
#6 C:\xampp\htdocs\project4\wp-includes\class-wp-hook.php(332): WP_Hook->apply_filters('', Array)
#7 C:\xampp\htdocs\project4\wp-includes\plugin.php(565): WP_Hook->do_action(Array)
#8 C:\xampp\htdocs\project4\wp-cron.php(188): do_action_ref_array('wp_image_proces...', Array)
#9 {main}
  thrown in C:\xampp\htdocs\project4\wp-content\plugins\elementor\core\base\document.php on line 943

2022-12-01T20:39:36+00:00 CRITICAL Uncaught Exception: Invalid data: {"data":["Array","Array","Array"],"element":"Array"} in C:\xampp\htdocs\project4\wp-content\plugins\elementor\core\base\document.php:943
Stack trace:
#0 C:\xampp\htdocs\project4\wp-content\plugins\astra-sites\inc\importers\batch-processing\class-astra-sites-batch-processing-elementor.php(122): Elementor\Core\Base\Document->get_elements_raw_data(Array, true)
#1 C:\xampp\htdocs\project4\wp-content\plugins\astra-sites\inc\importers\batch-processing\class-astra-sites-batch-processing-elementor.php(66): Elementor\TemplateLibrary\Astra_Sites_Batch_Processing_Elementor->import_single_post(10)
#2 C:\xampp\htdocs\project4\wp-content\plugins\astra-sites\inc\importers\batch-processing\helpers\class-wp-background-process-astra.php(41): Elementor\TemplateLibrary\Astra_Sites_Batch_Processing_Elementor->import()
#3 C:\xampp\htdocs\project4\wp-content\plugins\woocommerce\includes\libraries\wp-background-process.php(301): WP_Background_Process_Astra->task(Object(Elementor\TemplateLibrary\Astra_Sites_Batch_Processing_Elementor))
#4 C:\xampp\htdocs\project4\wp-content\plugins\woocommerce\includes\libraries\wp-background-process.php(447): WP_Background_Process->handle()
#5 C:\xampp\htdocs\project4\wp-includes\class-wp-hook.php(308): WP_Background_Process->handle_cron_healthcheck()
#6 C:\xampp\htdocs\project4\wp-includes\class-wp-hook.php(332): WP_Hook->apply_filters('', Array)
#7 C:\xampp\htdocs\project4\wp-includes\plugin.php(565): WP_Hook->do_action(Array)
#8 C:\xampp\htdocs\project4\wp-cron.php(188): do_action_ref_array('wp_image_proces...', Array)
#9 {main}
  thrown in C:\xampp\htdocs\project4\wp-content\plugins\elementor\core\base\document.php on line 943

2022-12-01T20:44:32+00:00 CRITICAL Uncaught Exception: Invalid data: {"data":["Array","Array","Array"],"element":"Array"} in C:\xampp\htdocs\project4\wp-content\plugins\elementor\core\base\document.php:943
Stack trace:
#0 C:\xampp\htdocs\project4\wp-content\plugins\astra-sites\inc\importers\batch-processing\class-astra-sites-batch-processing-elementor.php(122): Elementor\Core\Base\Document->get_elements_raw_data(Array, true)
#1 C:\xampp\htdocs\project4\wp-content\plugins\astra-sites\inc\importers\batch-processing\class-astra-sites-batch-processing-elementor.php(66): Elementor\TemplateLibrary\Astra_Sites_Batch_Processing_Elementor->import_single_post(10)
#2 C:\xampp\htdocs\project4\wp-content\plugins\astra-sites\inc\importers\batch-processing\helpers\class-wp-background-process-astra.php(41): Elementor\TemplateLibrary\Astra_Sites_Batch_Processing_Elementor->import()
#3 C:\xampp\htdocs\project4\wp-content\plugins\woocommerce\includes\libraries\wp-background-process.php(301): WP_Background_Process_Astra->task(Object(Elementor\TemplateLibrary\Astra_Sites_Batch_Processing_Elementor))
#4 C:\xampp\htdocs\project4\wp-content\plugins\woocommerce\includes\libraries\wp-background-process.php(447): WP_Background_Process->handle()
#5 C:\xampp\htdocs\project4\wp-includes\class-wp-hook.php(308): WP_Background_Process->handle_cron_healthcheck()
#6 C:\xampp\htdocs\project4\wp-includes\class-wp-hook.php(332): WP_Hook->apply_filters('', Array)
#7 C:\xampp\htdocs\project4\wp-includes\plugin.php(565): WP_Hook->do_action(Array)
#8 C:\xampp\htdocs\project4\wp-cron.php(188): do_action_ref_array('wp_image_proces...', Array)
#9 {main}
  thrown in C:\xampp\htdocs\project4\wp-content\plugins\elementor\core\base\document.php on line 943

2022-12-01T20:50:35+00:00 CRITICAL Uncaught Exception: Invalid data: {"data":["Array","Array","Array"],"element":"Array"} in C:\xampp\htdocs\project4\wp-content\plugins\elementor\core\base\document.php:943
Stack trace:
#0 C:\xampp\htdocs\project4\wp-content\plugins\astra-sites\inc\importers\batch-processing\class-astra-sites-batch-processing-elementor.php(122): Elementor\Core\Base\Document->get_elements_raw_data(Array, true)
#1 C:\xampp\htdocs\project4\wp-content\plugins\astra-sites\inc\importers\batch-processing\class-astra-sites-batch-processing-elementor.php(66): Elementor\TemplateLibrary\Astra_Sites_Batch_Processing_Elementor->import_single_post(10)
#2 C:\xampp\htdocs\project4\wp-content\plugins\astra-sites\inc\importers\batch-processing\helpers\class-wp-background-process-astra.php(41): Elementor\TemplateLibrary\Astra_Sites_Batch_Processing_Elementor->import()
#3 C:\xampp\htdocs\project4\wp-content\plugins\woocommerce\includes\libraries\wp-background-process.php(301): WP_Background_Process_Astra->task(Object(Elementor\TemplateLibrary\Astra_Sites_Batch_Processing_Elementor))
#4 C:\xampp\htdocs\project4\wp-content\plugins\woocommerce\includes\libraries\wp-background-process.php(447): WP_Background_Process->handle()
#5 C:\xampp\htdocs\project4\wp-includes\class-wp-hook.php(308): WP_Background_Process->handle_cron_healthcheck()
#6 C:\xampp\htdocs\project4\wp-includes\class-wp-hook.php(332): WP_Hook->apply_filters('', Array)
#7 C:\xampp\htdocs\project4\wp-includes\plugin.php(565): WP_Hook->do_action(Array)
#8 C:\xampp\htdocs\project4\wp-cron.php(188): do_action_ref_array('wp_image_proces...', Array)
#9 {main}
  thrown in C:\xampp\htdocs\project4\wp-content\plugins\elementor\core\base\document.php on line 943

2022-12-01T20:56:01+00:00 CRITICAL Uncaught Exception: Invalid data: {"data":["Array","Array","Array"],"element":"Array"} in C:\xampp\htdocs\project4\wp-content\plugins\elementor\core\base\document.php:943
Stack trace:
#0 C:\xampp\htdocs\project4\wp-content\plugins\astra-sites\inc\importers\batch-processing\class-astra-sites-batch-processing-elementor.php(122): Elementor\Core\Base\Document->get_elements_raw_data(Array, true)
#1 C:\xampp\htdocs\project4\wp-content\plugins\astra-sites\inc\importers\batch-processing\class-astra-sites-batch-processing-elementor.php(66): Elementor\TemplateLibrary\Astra_Sites_Batch_Processing_Elementor->import_single_post(10)
#2 C:\xampp\htdocs\project4\wp-content\plugins\astra-sites\inc\importers\batch-processing\helpers\class-wp-background-process-astra.php(41): Elementor\TemplateLibrary\Astra_Sites_Batch_Processing_Elementor->import()
#3 C:\xampp\htdocs\project4\wp-content\plugins\woocommerce\includes\libraries\wp-background-process.php(301): WP_Background_Process_Astra->task(Object(Elementor\TemplateLibrary\Astra_Sites_Batch_Processing_Elementor))
#4 C:\xampp\htdocs\project4\wp-content\plugins\woocommerce\includes\libraries\wp-background-process.php(447): WP_Background_Process->handle()
#5 C:\xampp\htdocs\project4\wp-includes\class-wp-hook.php(308): WP_Background_Process->handle_cron_healthcheck()
#6 C:\xampp\htdocs\project4\wp-includes\class-wp-hook.php(332): WP_Hook->apply_filters('', Array)
#7 C:\xampp\htdocs\project4\wp-includes\plugin.php(565): WP_Hook->do_action(Array)
#8 C:\xampp\htdocs\project4\wp-cron.php(188): do_action_ref_array('wp_image_proces...', Array)
#9 {main}
  thrown in C:\xampp\htdocs\project4\wp-content\plugins\elementor\core\base\document.php on line 943

2022-12-01T21:00:07+00:00 CRITICAL Uncaught Exception: Invalid data: {"data":["Array","Array","Array"],"element":"Array"} in C:\xampp\htdocs\project4\wp-content\plugins\elementor\core\base\document.php:943
Stack trace:
#0 C:\xampp\htdocs\project4\wp-content\plugins\astra-sites\inc\importers\batch-processing\class-astra-sites-batch-processing-elementor.php(122): Elementor\Core\Base\Document->get_elements_raw_data(Array, true)
#1 C:\xampp\htdocs\project4\wp-content\plugins\astra-sites\inc\importers\batch-processing\class-astra-sites-batch-processing-elementor.php(66): Elementor\TemplateLibrary\Astra_Sites_Batch_Processing_Elementor->import_single_post(10)
#2 C:\xampp\htdocs\project4\wp-content\plugins\astra-sites\inc\importers\batch-processing\helpers\class-wp-background-process-astra.php(41): Elementor\TemplateLibrary\Astra_Sites_Batch_Processing_Elementor->import()
#3 C:\xampp\htdocs\project4\wp-content\plugins\woocommerce\includes\libraries\wp-background-process.php(301): WP_Background_Process_Astra->task(Object(Elementor\TemplateLibrary\Astra_Sites_Batch_Processing_Elementor))
#4 C:\xampp\htdocs\project4\wp-content\plugins\woocommerce\includes\libraries\wp-background-process.php(447): WP_Background_Process->handle()
#5 C:\xampp\htdocs\project4\wp-includes\class-wp-hook.php(308): WP_Background_Process->handle_cron_healthcheck()
#6 C:\xampp\htdocs\project4\wp-includes\class-wp-hook.php(332): WP_Hook->apply_filters('', Array)
#7 C:\xampp\htdocs\project4\wp-includes\plugin.php(565): WP_Hook->do_action(Array)
#8 C:\xampp\htdocs\project4\wp-cron.php(188): do_action_ref_array('wp_image_proces...', Array)
#9 {main}
  thrown in C:\xampp\htdocs\project4\wp-content\plugins\elementor\core\base\document.php on line 943

2022-12-01T21:03:04+00:00 CRITICAL Uncaught Exception: Invalid data: {"data":["Array","Array","Array"],"element":"Array"} in C:\xampp\htdocs\project4\wp-content\plugins\elementor\core\base\document.php:943
Stack trace:
#0 C:\xampp\htdocs\project4\wp-content\plugins\astra-sites\inc\importers\batch-processing\class-astra-sites-batch-processing-elementor.php(122): Elementor\Core\Base\Document->get_elements_raw_data(Array, true)
#1 C:\xampp\htdocs\project4\wp-content\plugins\astra-sites\inc\importers\batch-processing\class-astra-sites-batch-processing-elementor.php(66): Elementor\TemplateLibrary\Astra_Sites_Batch_Processing_Elementor->import_single_post(1319)
#2 C:\xampp\htdocs\project4\wp-content\plugins\astra-sites\inc\importers\batch-processing\helpers\class-wp-background-process-astra.php(41): Elementor\TemplateLibrary\Astra_Sites_Batch_Processing_Elementor->import()
#3 C:\xampp\htdocs\project4\wp-content\plugins\woocommerce\includes\libraries\wp-background-process.php(301): WP_Background_Process_Astra->task(Object(Elementor\TemplateLibrary\Astra_Sites_Batch_Processing_Elementor))
#4 C:\xampp\htdocs\project4\wp-content\plugins\woocommerce\includes\libraries\wp-background-process.php(175): WP_Background_Process->handle()
#5 C:\xampp\htdocs\project4\wp-includes\class-wp-hook.php(308): WP_Background_Process->maybe_handle('')
#6 C:\xampp\htdocs\project4\wp-includes\class-wp-hook.php(332): WP_Hook->apply_filters('', Array)
#7 C:\xampp\htdocs\project4\wp-includes\plugin.php(517): WP_Hook->do_action(Array)
#8 C:\xampp\htdocs\project4\wp-admin\admin-ajax.php(188): do_action('wp_ajax_wp_imag...')
#9 {main}
  thrown in C:\xampp\htdocs\project4\wp-content\plugins\elementor\core\base\document.php on line 943

2022-12-01T21:04:37+00:00 CRITICAL Uncaught Exception: Invalid data: {"data":["Array","Array","Array"],"element":"Array"} in C:\xampp\htdocs\project4\wp-content\plugins\elementor\core\base\document.php:943
Stack trace:
#0 C:\xampp\htdocs\project4\wp-content\plugins\astra-sites\inc\importers\batch-processing\class-astra-sites-batch-processing-elementor.php(122): Elementor\Core\Base\Document->get_elements_raw_data(Array, true)
#1 C:\xampp\htdocs\project4\wp-content\plugins\astra-sites\inc\importers\batch-processing\class-astra-sites-batch-processing-elementor.php(66): Elementor\TemplateLibrary\Astra_Sites_Batch_Processing_Elementor->import_single_post(1318)
#2 C:\xampp\htdocs\project4\wp-content\plugins\astra-sites\inc\importers\batch-processing\helpers\class-wp-background-process-astra.php(41): Elementor\TemplateLibrary\Astra_Sites_Batch_Processing_Elementor->import()
#3 C:\xampp\htdocs\project4\wp-content\plugins\woocommerce\includes\libraries\wp-background-process.php(301): WP_Background_Process_Astra->task(Object(Elementor\TemplateLibrary\Astra_Sites_Batch_Processing_Elementor))
#4 C:\xampp\htdocs\project4\wp-content\plugins\woocommerce\includes\libraries\wp-background-process.php(447): WP_Background_Process->handle()
#5 C:\xampp\htdocs\project4\wp-includes\class-wp-hook.php(308): WP_Background_Process->handle_cron_healthcheck()
#6 C:\xampp\htdocs\project4\wp-includes\class-wp-hook.php(332): WP_Hook->apply_filters('', Array)
#7 C:\xampp\htdocs\project4\wp-includes\plugin.php(565): WP_Hook->do_action(Array)
#8 C:\xampp\htdocs\project4\wp-cron.php(188): do_action_ref_array('wp_image_proces...', Array)
#9 {main}
  thrown in C:\xampp\htdocs\project4\wp-content\plugins\elementor\core\base\document.php on line 943

2022-12-01T21:10:02+00:00 CRITICAL Uncaught Exception: Invalid data: {"data":["Array","Array","Array"],"element":"Array"} in C:\xampp\htdocs\project4\wp-content\plugins\elementor\core\base\document.php:943
Stack trace:
#0 C:\xampp\htdocs\project4\wp-content\plugins\astra-sites\inc\importers\batch-processing\class-astra-sites-batch-processing-elementor.php(122): Elementor\Core\Base\Document->get_elements_raw_data(Array, true)
#1 C:\xampp\htdocs\project4\wp-content\plugins\astra-sites\inc\importers\batch-processing\class-astra-sites-batch-processing-elementor.php(66): Elementor\TemplateLibrary\Astra_Sites_Batch_Processing_Elementor->import_single_post(1318)
#2 C:\xampp\htdocs\project4\wp-content\plugins\astra-sites\inc\importers\batch-processing\helpers\class-wp-background-process-astra.php(41): Elementor\TemplateLibrary\Astra_Sites_Batch_Processing_Elementor->import()
#3 C:\xampp\htdocs\project4\wp-content\plugins\woocommerce\includes\libraries\wp-background-process.php(301): WP_Background_Process_Astra->task(Object(Elementor\TemplateLibrary\Astra_Sites_Batch_Processing_Elementor))
#4 C:\xampp\htdocs\project4\wp-content\plugins\woocommerce\includes\libraries\wp-background-process.php(447): WP_Background_Process->handle()
#5 C:\xampp\htdocs\project4\wp-includes\class-wp-hook.php(308): WP_Background_Process->handle_cron_healthcheck()
#6 C:\xampp\htdocs\project4\wp-includes\class-wp-hook.php(332): WP_Hook->apply_filters('', Array)
#7 C:\xampp\htdocs\project4\wp-includes\plugin.php(565): WP_Hook->do_action(Array)
#8 C:\xampp\htdocs\project4\wp-cron.php(188): do_action_ref_array('wp_image_proces...', Array)
#9 {main}
  thrown in C:\xampp\htdocs\project4\wp-content\plugins\elementor\core\base\document.php on line 943

2022-12-01T21:15:01+00:00 CRITICAL Uncaught Exception: Invalid data: {"data":["Array","Array","Array"],"element":"Array"} in C:\xampp\htdocs\project4\wp-content\plugins\elementor\core\base\document.php:943
Stack trace:
#0 C:\xampp\htdocs\project4\wp-content\plugins\astra-sites\inc\importers\batch-processing\class-astra-sites-batch-processing-elementor.php(122): Elementor\Core\Base\Document->get_elements_raw_data(Array, true)
#1 C:\xampp\htdocs\project4\wp-content\plugins\astra-sites\inc\importers\batch-processing\class-astra-sites-batch-processing-elementor.php(66): Elementor\TemplateLibrary\Astra_Sites_Batch_Processing_Elementor->import_single_post(1318)
#2 C:\xampp\htdocs\project4\wp-content\plugins\astra-sites\inc\importers\batch-processing\helpers\class-wp-background-process-astra.php(41): Elementor\TemplateLibrary\Astra_Sites_Batch_Processing_Elementor->import()
#3 C:\xampp\htdocs\project4\wp-content\plugins\woocommerce\includes\libraries\wp-background-process.php(301): WP_Background_Process_Astra->task(Object(Elementor\TemplateLibrary\Astra_Sites_Batch_Processing_Elementor))
#4 C:\xampp\htdocs\project4\wp-content\plugins\woocommerce\includes\libraries\wp-background-process.php(447): WP_Background_Process->handle()
#5 C:\xampp\htdocs\project4\wp-includes\class-wp-hook.php(308): WP_Background_Process->handle_cron_healthcheck()
#6 C:\xampp\htdocs\project4\wp-includes\class-wp-hook.php(332): WP_Hook->apply_filters('', Array)
#7 C:\xampp\htdocs\project4\wp-includes\plugin.php(565): WP_Hook->do_action(Array)
#8 C:\xampp\htdocs\project4\wp-cron.php(188): do_action_ref_array('wp_image_proces...', Array)
#9 {main}
  thrown in C:\xampp\htdocs\project4\wp-content\plugins\elementor\core\base\document.php on line 943

2022-12-01T21:19:31+00:00 CRITICAL Uncaught Exception: Invalid data: {"data":["Array","Array","Array"],"element":"Array"} in C:\xampp\htdocs\project4\wp-content\plugins\elementor\core\base\document.php:943
Stack trace:
#0 C:\xampp\htdocs\project4\wp-content\plugins\astra-sites\inc\importers\batch-processing\class-astra-sites-batch-processing-elementor.php(122): Elementor\Core\Base\Document->get_elements_raw_data(Array, true)
#1 C:\xampp\htdocs\project4\wp-content\plugins\astra-sites\inc\importers\batch-processing\class-astra-sites-batch-processing-elementor.php(66): Elementor\TemplateLibrary\Astra_Sites_Batch_Processing_Elementor->import_single_post(1318)
#2 C:\xampp\htdocs\project4\wp-content\plugins\astra-sites\inc\importers\batch-processing\helpers\class-wp-background-process-astra.php(41): Elementor\TemplateLibrary\Astra_Sites_Batch_Processing_Elementor->import()
#3 C:\xampp\htdocs\project4\wp-content\plugins\woocommerce\includes\libraries\wp-background-process.php(301): WP_Background_Process_Astra->task(Object(Elementor\TemplateLibrary\Astra_Sites_Batch_Processing_Elementor))
#4 C:\xampp\htdocs\project4\wp-content\plugins\woocommerce\includes\libraries\wp-background-process.php(447): WP_Background_Process->handle()
#5 C:\xampp\htdocs\project4\wp-includes\class-wp-hook.php(308): WP_Background_Process->handle_cron_healthcheck()
#6 C:\xampp\htdocs\project4\wp-includes\class-wp-hook.php(332): WP_Hook->apply_filters('', Array)
#7 C:\xampp\htdocs\project4\wp-includes\plugin.php(565): WP_Hook->do_action(Array)
#8 C:\xampp\htdocs\project4\wp-cron.php(188): do_action_ref_array('wp_image_proces...', Array)
#9 {main}
  thrown in C:\xampp\htdocs\project4\wp-content\plugins\elementor\core\base\document.php on line 943

2022-12-01T21:24:36+00:00 CRITICAL Uncaught Exception: Invalid data: {"data":["Array","Array","Array"],"element":"Array"} in C:\xampp\htdocs\project4\wp-content\plugins\elementor\core\base\document.php:943
Stack trace:
#0 C:\xampp\htdocs\project4\wp-content\plugins\astra-sites\inc\importers\batch-processing\class-astra-sites-batch-processing-elementor.php(122): Elementor\Core\Base\Document->get_elements_raw_data(Array, true)
#1 C:\xampp\htdocs\project4\wp-content\plugins\astra-sites\inc\importers\batch-processing\class-astra-sites-batch-processing-elementor.php(66): Elementor\TemplateLibrary\Astra_Sites_Batch_Processing_Elementor->import_single_post(1318)
#2 C:\xampp\htdocs\project4\wp-content\plugins\astra-sites\inc\importers\batch-processing\helpers\class-wp-background-process-astra.php(41): Elementor\TemplateLibrary\Astra_Sites_Batch_Processing_Elementor->import()
#3 C:\xampp\htdocs\project4\wp-content\plugins\woocommerce\includes\libraries\wp-background-process.php(301): WP_Background_Process_Astra->task(Object(Elementor\TemplateLibrary\Astra_Sites_Batch_Processing_Elementor))
#4 C:\xampp\htdocs\project4\wp-content\plugins\woocommerce\includes\libraries\wp-background-process.php(447): WP_Background_Process->handle()
#5 C:\xampp\htdocs\project4\wp-includes\class-wp-hook.php(308): WP_Background_Process->handle_cron_healthcheck()
#6 C:\xampp\htdocs\project4\wp-includes\class-wp-hook.php(332): WP_Hook->apply_filters('', Array)
#7 C:\xampp\htdocs\project4\wp-includes\plugin.php(565): WP_Hook->do_action(Array)
#8 C:\xampp\htdocs\project4\wp-cron.php(188): do_action_ref_array('wp_image_proces...', Array)
#9 {main}
  thrown in C:\xampp\htdocs\project4\wp-content\plugins\elementor\core\base\document.php on line 943

2022-12-01T21:29:35+00:00 CRITICAL Uncaught Exception: Invalid data: {"data":["Array","Array","Array"],"element":"Array"} in C:\xampp\htdocs\project4\wp-content\plugins\elementor\core\base\document.php:943
Stack trace:
#0 C:\xampp\htdocs\project4\wp-content\plugins\astra-sites\inc\importers\batch-processing\class-astra-sites-batch-processing-elementor.php(122): Elementor\Core\Base\Document->get_elements_raw_data(Array, true)
#1 C:\xampp\htdocs\project4\wp-content\plugins\astra-sites\inc\importers\batch-processing\class-astra-sites-batch-processing-elementor.php(66): Elementor\TemplateLibrary\Astra_Sites_Batch_Processing_Elementor->import_single_post(1318)
#2 C:\xampp\htdocs\project4\wp-content\plugins\astra-sites\inc\importers\batch-processing\helpers\class-wp-background-process-astra.php(41): Elementor\TemplateLibrary\Astra_Sites_Batch_Processing_Elementor->import()
#3 C:\xampp\htdocs\project4\wp-content\plugins\woocommerce\includes\libraries\wp-background-process.php(301): WP_Background_Process_Astra->task(Object(Elementor\TemplateLibrary\Astra_Sites_Batch_Processing_Elementor))
#4 C:\xampp\htdocs\project4\wp-content\plugins\woocommerce\includes\libraries\wp-background-process.php(447): WP_Background_Process->handle()
#5 C:\xampp\htdocs\project4\wp-includes\class-wp-hook.php(308): WP_Background_Process->handle_cron_healthcheck()
#6 C:\xampp\htdocs\project4\wp-includes\class-wp-hook.php(332): WP_Hook->apply_filters('', Array)
#7 C:\xampp\htdocs\project4\wp-includes\plugin.php(565): WP_Hook->do_action(Array)
#8 C:\xampp\htdocs\project4\wp-cron.php(188): do_action_ref_array('wp_image_proces...', Array)
#9 {main}
  thrown in C:\xampp\htdocs\project4\wp-content\plugins\elementor\core\base\document.php on line 943

2022-12-01T21:34:35+00:00 CRITICAL Uncaught Exception: Invalid data: {"data":["Array","Array","Array"],"element":"Array"} in C:\xampp\htdocs\project4\wp-content\plugins\elementor\core\base\document.php:943
Stack trace:
#0 C:\xampp\htdocs\project4\wp-content\plugins\astra-sites\inc\importers\batch-processing\class-astra-sites-batch-processing-elementor.php(122): Elementor\Core\Base\Document->get_elements_raw_data(Array, true)
#1 C:\xampp\htdocs\project4\wp-content\plugins\astra-sites\inc\importers\batch-processing\class-astra-sites-batch-processing-elementor.php(66): Elementor\TemplateLibrary\Astra_Sites_Batch_Processing_Elementor->import_single_post(1318)
#2 C:\xampp\htdocs\project4\wp-content\plugins\astra-sites\inc\importers\batch-processing\helpers\class-wp-background-process-astra.php(41): Elementor\TemplateLibrary\Astra_Sites_Batch_Processing_Elementor->import()
#3 C:\xampp\htdocs\project4\wp-content\plugins\woocommerce\includes\libraries\wp-background-process.php(301): WP_Background_Process_Astra->task(Object(Elementor\TemplateLibrary\Astra_Sites_Batch_Processing_Elementor))
#4 C:\xampp\htdocs\project4\wp-content\plugins\woocommerce\includes\libraries\wp-background-process.php(447): WP_Background_Process->handle()
#5 C:\xampp\htdocs\project4\wp-includes\class-wp-hook.php(308): WP_Background_Process->handle_cron_healthcheck()
#6 C:\xampp\htdocs\project4\wp-includes\class-wp-hook.php(332): WP_Hook->apply_filters('', Array)
#7 C:\xampp\htdocs\project4\wp-includes\plugin.php(565): WP_Hook->do_action(Array)
#8 C:\xampp\htdocs\project4\wp-cron.php(188): do_action_ref_array('wp_image_proces...', Array)
#9 {main}
  thrown in C:\xampp\htdocs\project4\wp-content\plugins\elementor\core\base\document.php on line 943

2022-12-01T21:39:35+00:00 CRITICAL Uncaught Exception: Invalid data: {"data":["Array","Array","Array"],"element":"Array"} in C:\xampp\htdocs\project4\wp-content\plugins\elementor\core\base\document.php:943
Stack trace:
#0 C:\xampp\htdocs\project4\wp-content\plugins\astra-sites\inc\importers\batch-processing\class-astra-sites-batch-processing-elementor.php(122): Elementor\Core\Base\Document->get_elements_raw_data(Array, true)
#1 C:\xampp\htdocs\project4\wp-content\plugins\astra-sites\inc\importers\batch-processing\class-astra-sites-batch-processing-elementor.php(66): Elementor\TemplateLibrary\Astra_Sites_Batch_Processing_Elementor->import_single_post(1318)
#2 C:\xampp\htdocs\project4\wp-content\plugins\astra-sites\inc\importers\batch-processing\helpers\class-wp-background-process-astra.php(41): Elementor\TemplateLibrary\Astra_Sites_Batch_Processing_Elementor->import()
#3 C:\xampp\htdocs\project4\wp-content\plugins\woocommerce\includes\libraries\wp-background-process.php(301): WP_Background_Process_Astra->task(Object(Elementor\TemplateLibrary\Astra_Sites_Batch_Processing_Elementor))
#4 C:\xampp\htdocs\project4\wp-content\plugins\woocommerce\includes\libraries\wp-background-process.php(447): WP_Background_Process->handle()
#5 C:\xampp\htdocs\project4\wp-includes\class-wp-hook.php(308): WP_Background_Process->handle_cron_healthcheck()
#6 C:\xampp\htdocs\project4\wp-includes\class-wp-hook.php(332): WP_Hook->apply_filters('', Array)
#7 C:\xampp\htdocs\project4\wp-includes\plugin.php(565): WP_Hook->do_action(Array)
#8 C:\xampp\htdocs\project4\wp-cron.php(188): do_action_ref_array('wp_image_proces...', Array)
#9 {main}
  thrown in C:\xampp\htdocs\project4\wp-content\plugins\elementor\core\base\document.php on line 943

2022-12-01T21:44:35+00:00 CRITICAL Uncaught Exception: Invalid data: {"data":["Array","Array","Array"],"element":"Array"} in C:\xampp\htdocs\project4\wp-content\plugins\elementor\core\base\document.php:943
Stack trace:
#0 C:\xampp\htdocs\project4\wp-content\plugins\astra-sites\inc\importers\batch-processing\class-astra-sites-batch-processing-elementor.php(122): Elementor\Core\Base\Document->get_elements_raw_data(Array, true)
#1 C:\xampp\htdocs\project4\wp-content\plugins\astra-sites\inc\importers\batch-processing\class-astra-sites-batch-processing-elementor.php(66): Elementor\TemplateLibrary\Astra_Sites_Batch_Processing_Elementor->import_single_post(1318)
#2 C:\xampp\htdocs\project4\wp-content\plugins\astra-sites\inc\importers\batch-processing\helpers\class-wp-background-process-astra.php(41): Elementor\TemplateLibrary\Astra_Sites_Batch_Processing_Elementor->import()
#3 C:\xampp\htdocs\project4\wp-content\plugins\woocommerce\includes\libraries\wp-background-process.php(301): WP_Background_Process_Astra->task(Object(Elementor\TemplateLibrary\Astra_Sites_Batch_Processing_Elementor))
#4 C:\xampp\htdocs\project4\wp-content\plugins\woocommerce\includes\libraries\wp-background-process.php(447): WP_Background_Process->handle()
#5 C:\xampp\htdocs\project4\wp-includes\class-wp-hook.php(308): WP_Background_Process->handle_cron_healthcheck()
#6 C:\xampp\htdocs\project4\wp-includes\class-wp-hook.php(332): WP_Hook->apply_filters('', Array)
#7 C:\xampp\htdocs\project4\wp-includes\plugin.php(565): WP_Hook->do_action(Array)
#8 C:\xampp\htdocs\project4\wp-cron.php(188): do_action_ref_array('wp_image_proces...', Array)
#9 {main}
  thrown in C:\xampp\htdocs\project4\wp-content\plugins\elementor\core\base\document.php on line 943

2022-12-01T21:49:35+00:00 CRITICAL Uncaught Exception: Invalid data: {"data":["Array","Array","Array"],"element":"Array"} in C:\xampp\htdocs\project4\wp-content\plugins\elementor\core\base\document.php:943
Stack trace:
#0 C:\xampp\htdocs\project4\wp-content\plugins\astra-sites\inc\importers\batch-processing\class-astra-sites-batch-processing-elementor.php(122): Elementor\Core\Base\Document->get_elements_raw_data(Array, true)
#1 C:\xampp\htdocs\project4\wp-content\plugins\astra-sites\inc\importers\batch-processing\class-astra-sites-batch-processing-elementor.php(66): Elementor\TemplateLibrary\Astra_Sites_Batch_Processing_Elementor->import_single_post(1318)
#2 C:\xampp\htdocs\project4\wp-content\plugins\astra-sites\inc\importers\batch-processing\helpers\class-wp-background-process-astra.php(41): Elementor\TemplateLibrary\Astra_Sites_Batch_Processing_Elementor->import()
#3 C:\xampp\htdocs\project4\wp-content\plugins\woocommerce\includes\libraries\wp-background-process.php(301): WP_Background_Process_Astra->task(Object(Elementor\TemplateLibrary\Astra_Sites_Batch_Processing_Elementor))
#4 C:\xampp\htdocs\project4\wp-content\plugins\woocommerce\includes\libraries\wp-background-process.php(447): WP_Background_Process->handle()
#5 C:\xampp\htdocs\project4\wp-includes\class-wp-hook.php(308): WP_Background_Process->handle_cron_healthcheck()
#6 C:\xampp\htdocs\project4\wp-includes\class-wp-hook.php(332): WP_Hook->apply_filters('', Array)
#7 C:\xampp\htdocs\project4\wp-includes\plugin.php(565): WP_Hook->do_action(Array)
#8 C:\xampp\htdocs\project4\wp-cron.php(188): do_action_ref_array('wp_image_proces...', Array)
#9 {main}
  thrown in C:\xampp\htdocs\project4\wp-content\plugins\elementor\core\base\document.php on line 943

2022-12-01T21:55:35+00:00 CRITICAL Uncaught Exception: Invalid data: {"data":["Array","Array","Array"],"element":"Array"} in C:\xampp\htdocs\project4\wp-content\plugins\elementor\core\base\document.php:943
Stack trace:
#0 C:\xampp\htdocs\project4\wp-content\plugins\astra-sites\inc\importers\batch-processing\class-astra-sites-batch-processing-elementor.php(122): Elementor\Core\Base\Document->get_elements_raw_data(Array, true)
#1 C:\xampp\htdocs\project4\wp-content\plugins\astra-sites\inc\importers\batch-processing\class-astra-sites-batch-processing-elementor.php(66): Elementor\TemplateLibrary\Astra_Sites_Batch_Processing_Elementor->import_single_post(1318)
#2 C:\xampp\htdocs\project4\wp-content\plugins\astra-sites\inc\importers\batch-processing\helpers\class-wp-background-process-astra.php(41): Elementor\TemplateLibrary\Astra_Sites_Batch_Processing_Elementor->import()
#3 C:\xampp\htdocs\project4\wp-content\plugins\woocommerce\includes\libraries\wp-background-process.php(301): WP_Background_Process_Astra->task(Object(Elementor\TemplateLibrary\Astra_Sites_Batch_Processing_Elementor))
#4 C:\xampp\htdocs\project4\wp-content\plugins\woocommerce\includes\libraries\wp-background-process.php(447): WP_Background_Process->handle()
#5 C:\xampp\htdocs\project4\wp-includes\class-wp-hook.php(308): WP_Background_Process->handle_cron_healthcheck()
#6 C:\xampp\htdocs\project4\wp-includes\class-wp-hook.php(332): WP_Hook->apply_filters('', Array)
#7 C:\xampp\htdocs\project4\wp-includes\plugin.php(565): WP_Hook->do_action(Array)
#8 C:\xampp\htdocs\project4\wp-cron.php(188): do_action_ref_array('wp_image_proces...', Array)
#9 {main}
  thrown in C:\xampp\htdocs\project4\wp-content\plugins\elementor\core\base\document.php on line 943

2022-12-01T22:00:19+00:00 CRITICAL Uncaught Exception: Invalid data: {"data":["Array","Array","Array"],"element":"Array"} in C:\xampp\htdocs\project4\wp-content\plugins\elementor\core\base\document.php:943
Stack trace:
#0 C:\xampp\htdocs\project4\wp-content\plugins\astra-sites\inc\importers\batch-processing\class-astra-sites-batch-processing-elementor.php(122): Elementor\Core\Base\Document->get_elements_raw_data(Array, true)
#1 C:\xampp\htdocs\project4\wp-content\plugins\astra-sites\inc\importers\batch-processing\class-astra-sites-batch-processing-elementor.php(66): Elementor\TemplateLibrary\Astra_Sites_Batch_Processing_Elementor->import_single_post(1318)
#2 C:\xampp\htdocs\project4\wp-content\plugins\astra-sites\inc\importers\batch-processing\helpers\class-wp-background-process-astra.php(41): Elementor\TemplateLibrary\Astra_Sites_Batch_Processing_Elementor->import()
#3 C:\xampp\htdocs\project4\wp-content\plugins\woocommerce\includes\libraries\wp-background-process.php(301): WP_Background_Process_Astra->task(Object(Elementor\TemplateLibrary\Astra_Sites_Batch_Processing_Elementor))
#4 C:\xampp\htdocs\project4\wp-content\plugins\woocommerce\includes\libraries\wp-background-process.php(447): WP_Background_Process->handle()
#5 C:\xampp\htdocs\project4\wp-includes\class-wp-hook.php(308): WP_Background_Process->handle_cron_healthcheck()
#6 C:\xampp\htdocs\project4\wp-includes\class-wp-hook.php(332): WP_Hook->apply_filters('', Array)
#7 C:\xampp\htdocs\project4\wp-includes\plugin.php(565): WP_Hook->do_action(Array)
#8 C:\xampp\htdocs\project4\wp-cron.php(188): do_action_ref_array('wp_image_proces...', Array)
#9 {main}
  thrown in C:\xampp\htdocs\project4\wp-content\plugins\elementor\core\base\document.php on line 943

